2021-11-29T23:58:03+03:00 [INFO] : started
2021-11-29T23:58:03+03:00 [INFO] : Request to https://developer.wordpress.org/reference/functions/
2021-11-29T23:58:05+03:00 [INFO] : Array
(
    [function_links] => Array
        (
            [0] => https://developer.wordpress.org/reference/functions/absint/
            [1] => https://developer.wordpress.org/reference/functions/activate_plugin/
            [2] => https://developer.wordpress.org/reference/functions/activate_plugins/
            [3] => https://developer.wordpress.org/reference/functions/activate_sitewide_plugin/
            [4] => https://developer.wordpress.org/reference/functions/addslashes_gpc/
            [5] => https://developer.wordpress.org/reference/functions/addslashes_strings_only/
            [6] => https://developer.wordpress.org/reference/functions/add_action/
            [7] => https://developer.wordpress.org/reference/functions/add_allowed_options/
            [8] => https://developer.wordpress.org/reference/functions/add_blog_option/
            [9] => https://developer.wordpress.org/reference/functions/add_clean_index/
            [10] => https://developer.wordpress.org/reference/functions/add_comments_page/
            [11] => https://developer.wordpress.org/reference/functions/add_comment_meta/
            [12] => https://developer.wordpress.org/reference/functions/add_contextual_help/
            [13] => https://developer.wordpress.org/reference/functions/add_cssclass/
            [14] => https://developer.wordpress.org/reference/functions/add_custom_background/
            [15] => https://developer.wordpress.org/reference/functions/add_custom_image_header/
            [16] => https://developer.wordpress.org/reference/functions/add_dashboard_page/
            [17] => https://developer.wordpress.org/reference/functions/add_editor_style/
            [18] => https://developer.wordpress.org/reference/functions/add_existing_user_to_blog/
            [19] => https://developer.wordpress.org/reference/functions/add_feed/
            [20] => https://developer.wordpress.org/reference/functions/add_filter/
            [21] => https://developer.wordpress.org/reference/functions/add_image_size/
            [22] => https://developer.wordpress.org/reference/functions/add_link/
            [23] => https://developer.wordpress.org/reference/functions/add_links_page/
            [24] => https://developer.wordpress.org/reference/functions/add_magic_quotes/
            [25] => https://developer.wordpress.org/reference/functions/add_management_page/
            [26] => https://developer.wordpress.org/reference/functions/add_media_page/
            [27] => https://developer.wordpress.org/reference/functions/add_menu_classes/
            [28] => https://developer.wordpress.org/reference/functions/add_menu_page/
            [29] => https://developer.wordpress.org/reference/functions/add_meta/
        )

    [next_page] => Array
        (
            [0] => https://developer.wordpress.org/reference/functions/page/2/
        )

)

2021-11-29T23:58:15+03:00 [INFO] : Goes to the function docs: https://developer.wordpress.org/reference/functions/absint/
2021-11-29T23:58:37+03:00 [INFO] : Goes to the function docs: https://developer.wordpress.org/reference/functions/activate_plugin/
2021-11-29T23:58:58+03:00 [INFO] : Goes to the function docs: https://developer.wordpress.org/reference/functions/activate_plugins/
2021-11-29T23:59:19+03:00 [INFO] : Goes to the function docs: https://developer.wordpress.org/reference/functions/activate_sitewide_plugin/
2021-11-29T23:59:40+03:00 [INFO] : Goes to the function docs: https://developer.wordpress.org/reference/functions/addslashes_gpc/
2021-11-30T00:00:01+03:00 [INFO] : Goes to the function docs: https://developer.wordpress.org/reference/functions/addslashes_strings_only/
2021-11-30T00:00:22+03:00 [INFO] : Goes to the function docs: https://developer.wordpress.org/reference/functions/add_action/
2021-11-30T00:00:44+03:00 [INFO] : Goes to the function docs: https://developer.wordpress.org/reference/functions/add_allowed_options/
2021-11-30T00:01:05+03:00 [INFO] : Goes to the function docs: https://developer.wordpress.org/reference/functions/add_blog_option/
2021-11-30T00:01:26+03:00 [INFO] : Goes to the function docs: https://developer.wordpress.org/reference/functions/add_clean_index/
2021-11-30T00:01:47+03:00 [INFO] : Goes to the function docs: https://developer.wordpress.org/reference/functions/add_comments_page/
2021-11-30T00:02:08+03:00 [INFO] : Goes to the function docs: https://developer.wordpress.org/reference/functions/add_comment_meta/
2021-11-30T00:02:29+03:00 [INFO] : Goes to the function docs: https://developer.wordpress.org/reference/functions/add_contextual_help/
2021-11-30T00:02:51+03:00 [INFO] : Goes to the function docs: https://developer.wordpress.org/reference/functions/add_cssclass/
2021-11-30T00:03:12+03:00 [INFO] : Goes to the function docs: https://developer.wordpress.org/reference/functions/add_custom_background/
2021-11-30T00:03:33+03:00 [INFO] : Goes to the function docs: https://developer.wordpress.org/reference/functions/add_custom_image_header/
2021-11-30T00:03:55+03:00 [INFO] : Goes to the function docs: https://developer.wordpress.org/reference/functions/add_dashboard_page/
2021-11-30T00:04:16+03:00 [INFO] : Goes to the function docs: https://developer.wordpress.org/reference/functions/add_editor_style/
2021-11-30T00:04:37+03:00 [INFO] : Goes to the function docs: https://developer.wordpress.org/reference/functions/add_existing_user_to_blog/
2021-11-30T00:04:58+03:00 [INFO] : Goes to the function docs: https://developer.wordpress.org/reference/functions/add_feed/
2021-11-30T00:05:20+03:00 [INFO] : Goes to the function docs: https://developer.wordpress.org/reference/functions/add_filter/
2021-11-30T00:05:41+03:00 [INFO] : Goes to the function docs: https://developer.wordpress.org/reference/functions/add_image_size/
2021-11-30T00:06:03+03:00 [INFO] : Goes to the function docs: https://developer.wordpress.org/reference/functions/add_link/
2021-11-30T00:06:24+03:00 [INFO] : Goes to the function docs: https://developer.wordpress.org/reference/functions/add_links_page/
2021-11-30T00:06:45+03:00 [INFO] : Goes to the function docs: https://developer.wordpress.org/reference/functions/add_magic_quotes/
2021-11-30T00:07:06+03:00 [INFO] : Goes to the function docs: https://developer.wordpress.org/reference/functions/add_management_page/
2021-11-30T00:07:27+03:00 [INFO] : Goes to the function docs: https://developer.wordpress.org/reference/functions/add_media_page/
2021-11-30T00:07:49+03:00 [INFO] : Goes to the function docs: https://developer.wordpress.org/reference/functions/add_menu_classes/
2021-11-30T00:08:10+03:00 [INFO] : Goes to the function docs: https://developer.wordpress.org/reference/functions/add_menu_page/
2021-11-30T00:08:31+03:00 [INFO] : Goes to the function docs: https://developer.wordpress.org/reference/functions/add_meta/
2021-11-30T00:08:42+03:00 [INFO] : Next listing page request: https://developer.wordpress.org/reference/functions/page/2/
2021-11-30T00:08:43+03:00 [INFO] : Array
(
    [function_links] => Array
        (
            [0] => https://developer.wordpress.org/reference/functions/add_metadata/
            [1] => https://developer.wordpress.org/reference/functions/add_meta_box/
            [2] => https://developer.wordpress.org/reference/functions/add_network_option/
            [3] => https://developer.wordpress.org/reference/functions/add_new_user_to_blog/
            [4] => https://developer.wordpress.org/reference/functions/add_object_page/
            [5] => https://developer.wordpress.org/reference/functions/add_option/
            [6] => https://developer.wordpress.org/reference/functions/add_options_page/
            [7] => https://developer.wordpress.org/reference/functions/add_option_update_handler/
            [8] => https://developer.wordpress.org/reference/functions/add_option_whitelist/
            [9] => https://developer.wordpress.org/reference/functions/add_pages_page/
            [10] => https://developer.wordpress.org/reference/functions/add_permastruct/
            [11] => https://developer.wordpress.org/reference/functions/add_ping/
            [12] => https://developer.wordpress.org/reference/functions/add_plugins_page/
            [13] => https://developer.wordpress.org/reference/functions/add_posts_page/
            [14] => https://developer.wordpress.org/reference/functions/add_post_meta/
            [15] => https://developer.wordpress.org/reference/functions/add_post_type_support/
            [16] => https://developer.wordpress.org/reference/functions/add_query_arg/
            [17] => https://developer.wordpress.org/reference/functions/add_rewrite_endpoint/
            [18] => https://developer.wordpress.org/reference/functions/add_rewrite_rule/
            [19] => https://developer.wordpress.org/reference/functions/add_rewrite_tag/
            [20] => https://developer.wordpress.org/reference/functions/add_role/
            [21] => https://developer.wordpress.org/reference/functions/add_screen_option/
            [22] => https://developer.wordpress.org/reference/functions/add_settings_error/
            [23] => https://developer.wordpress.org/reference/functions/add_settings_field/
            [24] => https://developer.wordpress.org/reference/functions/add_settings_section/
            [25] => https://developer.wordpress.org/reference/functions/add_shortcode/
            [26] => https://developer.wordpress.org/reference/functions/add_site_meta/
            [27] => https://developer.wordpress.org/reference/functions/add_site_option/
            [28] => https://developer.wordpress.org/reference/functions/add_submenu_page/
            [29] => https://developer.wordpress.org/reference/functions/add_term_meta/
        )

    [next_page] => Array
        (
            [0] => https://developer.wordpress.org/reference/functions/page/3/
        )

)

2021-11-30T00:08:53+03:00 [INFO] : Goes to the function docs: https://developer.wordpress.org/reference/functions/add_metadata/
2021-11-30T00:09:14+03:00 [INFO] : Goes to the function docs: https://developer.wordpress.org/reference/functions/add_meta_box/
2021-11-30T00:09:36+03:00 [INFO] : Goes to the function docs: https://developer.wordpress.org/reference/functions/add_network_option/
2021-11-30T00:09:57+03:00 [INFO] : Goes to the function docs: https://developer.wordpress.org/reference/functions/add_new_user_to_blog/
2021-11-30T00:10:18+03:00 [INFO] : Goes to the function docs: https://developer.wordpress.org/reference/functions/add_object_page/
2021-11-30T00:10:39+03:00 [INFO] : Goes to the function docs: https://developer.wordpress.org/reference/functions/add_option/
2021-11-30T00:11:00+03:00 [INFO] : Goes to the function docs: https://developer.wordpress.org/reference/functions/add_options_page/
2021-11-30T00:11:21+03:00 [INFO] : Goes to the function docs: https://developer.wordpress.org/reference/functions/add_option_update_handler/
2021-11-30T00:11:42+03:00 [INFO] : Goes to the function docs: https://developer.wordpress.org/reference/functions/add_option_whitelist/
2021-11-30T00:12:03+03:00 [INFO] : Goes to the function docs: https://developer.wordpress.org/reference/functions/add_pages_page/
2021-11-30T00:12:25+03:00 [INFO] : Goes to the function docs: https://developer.wordpress.org/reference/functions/add_permastruct/
2021-11-30T00:12:46+03:00 [INFO] : Goes to the function docs: https://developer.wordpress.org/reference/functions/add_ping/
2021-11-30T00:13:07+03:00 [INFO] : Goes to the function docs: https://developer.wordpress.org/reference/functions/add_plugins_page/
2021-11-30T00:13:28+03:00 [INFO] : Goes to the function docs: https://developer.wordpress.org/reference/functions/add_posts_page/
2021-11-30T00:13:49+03:00 [INFO] : Goes to the function docs: https://developer.wordpress.org/reference/functions/add_post_meta/
2021-11-30T00:14:11+03:00 [INFO] : Goes to the function docs: https://developer.wordpress.org/reference/functions/add_post_type_support/
2021-11-30T00:14:32+03:00 [INFO] : Goes to the function docs: https://developer.wordpress.org/reference/functions/add_query_arg/
2021-11-30T00:14:53+03:00 [INFO] : Goes to the function docs: https://developer.wordpress.org/reference/functions/add_rewrite_endpoint/
2021-11-30T00:15:15+03:00 [INFO] : Goes to the function docs: https://developer.wordpress.org/reference/functions/add_rewrite_rule/
2021-11-30T00:15:36+03:00 [INFO] : Goes to the function docs: https://developer.wordpress.org/reference/functions/add_rewrite_tag/
2021-11-30T00:15:57+03:00 [INFO] : Goes to the function docs: https://developer.wordpress.org/reference/functions/add_role/
2021-11-30T00:16:19+03:00 [INFO] : Goes to the function docs: https://developer.wordpress.org/reference/functions/add_screen_option/
2021-11-30T00:16:40+03:00 [INFO] : Goes to the function docs: https://developer.wordpress.org/reference/functions/add_settings_error/
2021-11-30T00:17:01+03:00 [INFO] : Goes to the function docs: https://developer.wordpress.org/reference/functions/add_settings_field/
2021-11-30T00:17:23+03:00 [INFO] : Goes to the function docs: https://developer.wordpress.org/reference/functions/add_settings_section/
2021-11-30T00:17:44+03:00 [INFO] : Goes to the function docs: https://developer.wordpress.org/reference/functions/add_shortcode/
2021-11-30T00:18:05+03:00 [INFO] : Goes to the function docs: https://developer.wordpress.org/reference/functions/add_site_meta/
2021-11-30T00:18:26+03:00 [INFO] : Goes to the function docs: https://developer.wordpress.org/reference/functions/add_site_option/
2021-11-30T00:18:48+03:00 [INFO] : Goes to the function docs: https://developer.wordpress.org/reference/functions/add_submenu_page/
2021-11-30T00:19:09+03:00 [INFO] : Goes to the function docs: https://developer.wordpress.org/reference/functions/add_term_meta/
2021-11-30T00:19:20+03:00 [INFO] : Next listing page request: https://developer.wordpress.org/reference/functions/page/3/
2021-11-30T00:19:23+03:00 [INFO] : Array
(
    [function_links] => Array
        (
            [0] => https://developer.wordpress.org/reference/functions/add_theme_page/
            [1] => https://developer.wordpress.org/reference/functions/add_theme_support/
            [2] => https://developer.wordpress.org/reference/functions/add_thickbox/
            [3] => https://developer.wordpress.org/reference/functions/add_user/
            [4] => https://developer.wordpress.org/reference/functions/add_users_page/
            [5] => https://developer.wordpress.org/reference/functions/add_user_meta/
            [6] => https://developer.wordpress.org/reference/functions/add_user_to_blog/
            [7] => https://developer.wordpress.org/reference/functions/add_utility_page/
            [8] => https://developer.wordpress.org/reference/functions/adjacent_image_link/
            [9] => https://developer.wordpress.org/reference/functions/adjacent_posts_rel_link/
            [10] => https://developer.wordpress.org/reference/functions/adjacent_posts_rel_link_wp_head/
            [11] => https://developer.wordpress.org/reference/functions/adjacent_post_link/
            [12] => https://developer.wordpress.org/reference/functions/admin_color_scheme_picker/
            [13] => https://developer.wordpress.org/reference/functions/admin_created_user_email/
            [14] => https://developer.wordpress.org/reference/functions/admin_url/
            [15] => https://developer.wordpress.org/reference/functions/allowed_http_request_hosts/
            [16] => https://developer.wordpress.org/reference/functions/allowed_tags/
            [17] => https://developer.wordpress.org/reference/functions/allow_subdirectory_install/
            [18] => https://developer.wordpress.org/reference/functions/allow_subdomain_install/
            [19] => https://developer.wordpress.org/reference/functions/antispambot/
            [20] => https://developer.wordpress.org/reference/functions/apache_mod_loaded/
            [21] => https://developer.wordpress.org/reference/functions/apply_filters/
            [22] => https://developer.wordpress.org/reference/functions/apply_filters_deprecated/
            [23] => https://developer.wordpress.org/reference/functions/apply_filters_ref_array/
            [24] => https://developer.wordpress.org/reference/functions/apply_shortcodes/
            [25] => https://developer.wordpress.org/reference/functions/atom_enclosure/
            [26] => https://developer.wordpress.org/reference/functions/atom_site_icon/
            [27] => https://developer.wordpress.org/reference/functions/attachment_id3_data_meta_box/
            [28] => https://developer.wordpress.org/reference/functions/attachment_submitbox_metadata/
            [29] => https://developer.wordpress.org/reference/functions/attachment_submit_meta_box/
        )

    [next_page] => Array
        (
            [0] => https://developer.wordpress.org/reference/functions/page/4/
        )

)

2021-11-30T00:19:33+03:00 [INFO] : Goes to the function docs: https://developer.wordpress.org/reference/functions/add_theme_page/
2021-11-30T00:19:54+03:00 [INFO] : Goes to the function docs: https://developer.wordpress.org/reference/functions/add_theme_support/
2021-11-30T00:20:16+03:00 [INFO] : Goes to the function docs: https://developer.wordpress.org/reference/functions/add_thickbox/
2021-11-30T00:20:37+03:00 [INFO] : Goes to the function docs: https://developer.wordpress.org/reference/functions/add_user/
2021-11-30T00:20:58+03:00 [INFO] : Goes to the function docs: https://developer.wordpress.org/reference/functions/add_users_page/
2021-11-30T00:21:19+03:00 [INFO] : Goes to the function docs: https://developer.wordpress.org/reference/functions/add_user_meta/
2021-11-30T00:21:40+03:00 [INFO] : Goes to the function docs: https://developer.wordpress.org/reference/functions/add_user_to_blog/
2021-11-30T00:22:02+03:00 [INFO] : Goes to the function docs: https://developer.wordpress.org/reference/functions/add_utility_page/
2021-11-30T00:22:23+03:00 [INFO] : Goes to the function docs: https://developer.wordpress.org/reference/functions/adjacent_image_link/
2021-11-30T00:22:44+03:00 [INFO] : Goes to the function docs: https://developer.wordpress.org/reference/functions/adjacent_posts_rel_link/
2021-11-30T00:23:05+03:00 [INFO] : Goes to the function docs: https://developer.wordpress.org/reference/functions/adjacent_posts_rel_link_wp_head/
2021-11-30T00:23:26+03:00 [INFO] : Goes to the function docs: https://developer.wordpress.org/reference/functions/adjacent_post_link/
2021-11-30T00:23:48+03:00 [INFO] : Goes to the function docs: https://developer.wordpress.org/reference/functions/admin_color_scheme_picker/
2021-11-30T00:24:09+03:00 [INFO] : Goes to the function docs: https://developer.wordpress.org/reference/functions/admin_created_user_email/
2021-11-30T00:24:30+03:00 [INFO] : Goes to the function docs: https://developer.wordpress.org/reference/functions/admin_url/
2021-11-30T00:24:52+03:00 [INFO] : Goes to the function docs: https://developer.wordpress.org/reference/functions/allowed_http_request_hosts/
2021-11-30T00:25:13+03:00 [INFO] : Goes to the function docs: https://developer.wordpress.org/reference/functions/allowed_tags/
2021-11-30T00:25:34+03:00 [INFO] : Goes to the function docs: https://developer.wordpress.org/reference/functions/allow_subdirectory_install/
2021-11-30T00:25:55+03:00 [INFO] : Goes to the function docs: https://developer.wordpress.org/reference/functions/allow_subdomain_install/
2021-11-30T00:26:16+03:00 [INFO] : Goes to the function docs: https://developer.wordpress.org/reference/functions/antispambot/
2021-11-30T00:26:38+03:00 [INFO] : Goes to the function docs: https://developer.wordpress.org/reference/functions/apache_mod_loaded/
2021-11-30T00:26:59+03:00 [INFO] : Goes to the function docs: https://developer.wordpress.org/reference/functions/apply_filters/
2021-11-30T00:27:23+03:00 [INFO] : Goes to the function docs: https://developer.wordpress.org/reference/functions/apply_filters_deprecated/
2021-11-30T00:27:45+03:00 [INFO] : Goes to the function docs: https://developer.wordpress.org/reference/functions/apply_filters_ref_array/
2021-11-30T00:28:06+03:00 [INFO] : Goes to the function docs: https://developer.wordpress.org/reference/functions/apply_shortcodes/
2021-11-30T00:28:27+03:00 [INFO] : Goes to the function docs: https://developer.wordpress.org/reference/functions/atom_enclosure/
2021-11-30T00:28:48+03:00 [INFO] : Goes to the function docs: https://developer.wordpress.org/reference/functions/atom_site_icon/
2021-11-30T00:29:09+03:00 [INFO] : Goes to the function docs: https://developer.wordpress.org/reference/functions/attachment_id3_data_meta_box/
2021-11-30T00:29:31+03:00 [INFO] : Goes to the function docs: https://developer.wordpress.org/reference/functions/attachment_submitbox_metadata/
2021-11-30T00:29:52+03:00 [INFO] : Goes to the function docs: https://developer.wordpress.org/reference/functions/attachment_submit_meta_box/
2021-11-30T00:30:04+03:00 [INFO] : Next listing page request: https://developer.wordpress.org/reference/functions/page/4/
2021-11-30T00:30:06+03:00 [INFO] : Array
(
    [function_links] => Array
        (
            [0] => https://developer.wordpress.org/reference/functions/attachment_url_to_postid/
            [1] => https://developer.wordpress.org/reference/functions/attribute_escape/
            [2] => https://developer.wordpress.org/reference/functions/author_can/
            [3] => https://developer.wordpress.org/reference/functions/auth_redirect/
            [4] => https://developer.wordpress.org/reference/functions/automatic_feed_links/
            [5] => https://developer.wordpress.org/reference/functions/avoid_blog_page_permalink_collision/
            [6] => https://developer.wordpress.org/reference/functions/background_color/
            [7] => https://developer.wordpress.org/reference/functions/background_image/
            [8] => https://developer.wordpress.org/reference/functions/backslashit/
            [9] => https://developer.wordpress.org/reference/functions/balancetags/
            [10] => https://developer.wordpress.org/reference/functions/before_last_bar/
            [11] => https://developer.wordpress.org/reference/functions/block_editor_rest_api_preload/
            [12] => https://developer.wordpress.org/reference/functions/block_has_support/
            [13] => https://developer.wordpress.org/reference/functions/block_version/
            [14] => https://developer.wordpress.org/reference/functions/bloginfo/
            [15] => https://developer.wordpress.org/reference/functions/bloginfo_rss/
            [16] => https://developer.wordpress.org/reference/functions/body_class/
            [17] => https://developer.wordpress.org/reference/functions/bool_from_yn/
            [18] => https://developer.wordpress.org/reference/functions/build_query/
            [19] => https://developer.wordpress.org/reference/functions/build_query_vars_from_query_block/
            [20] => https://developer.wordpress.org/reference/functions/bulk_edit_posts/
            [21] => https://developer.wordpress.org/reference/functions/cache_javascript_headers/
            [22] => https://developer.wordpress.org/reference/functions/cache_users/
            [23] => https://developer.wordpress.org/reference/functions/calendar_week_mod/
            [24] => https://developer.wordpress.org/reference/functions/cancel_comment_reply_link/
            [25] => https://developer.wordpress.org/reference/functions/can_edit_network/
            [26] => https://developer.wordpress.org/reference/functions/capital_p_dangit/
            [27] => https://developer.wordpress.org/reference/functions/category_description/
            [28] => https://developer.wordpress.org/reference/functions/category_exists/
            [29] => https://developer.wordpress.org/reference/functions/cat_is_ancestor_of/
        )

    [next_page] => Array
        (
            [0] => https://developer.wordpress.org/reference/functions/page/5/
        )

)

2021-11-30T00:30:16+03:00 [INFO] : Goes to the function docs: https://developer.wordpress.org/reference/functions/attachment_url_to_postid/
2021-11-30T00:30:37+03:00 [INFO] : Goes to the function docs: https://developer.wordpress.org/reference/functions/attribute_escape/
2021-11-30T00:30:59+03:00 [INFO] : Goes to the function docs: https://developer.wordpress.org/reference/functions/author_can/
2021-11-30T00:31:20+03:00 [INFO] : Goes to the function docs: https://developer.wordpress.org/reference/functions/auth_redirect/
2021-11-30T00:31:41+03:00 [INFO] : Goes to the function docs: https://developer.wordpress.org/reference/functions/automatic_feed_links/
2021-11-30T00:32:02+03:00 [INFO] : Goes to the function docs: https://developer.wordpress.org/reference/functions/avoid_blog_page_permalink_collision/
2021-11-30T00:32:23+03:00 [INFO] : Goes to the function docs: https://developer.wordpress.org/reference/functions/background_color/
2021-11-30T00:32:45+03:00 [INFO] : Goes to the function docs: https://developer.wordpress.org/reference/functions/background_image/
2021-11-30T00:33:06+03:00 [INFO] : Goes to the function docs: https://developer.wordpress.org/reference/functions/backslashit/
2021-11-30T00:33:27+03:00 [INFO] : Goes to the function docs: https://developer.wordpress.org/reference/functions/balancetags/
2021-11-30T00:33:48+03:00 [INFO] : Goes to the function docs: https://developer.wordpress.org/reference/functions/before_last_bar/
2021-11-30T00:34:09+03:00 [INFO] : Goes to the function docs: https://developer.wordpress.org/reference/functions/block_editor_rest_api_preload/
2021-11-30T00:34:30+03:00 [INFO] : Goes to the function docs: https://developer.wordpress.org/reference/functions/block_has_support/
2021-11-30T00:34:51+03:00 [INFO] : Goes to the function docs: https://developer.wordpress.org/reference/functions/block_version/
2021-11-30T00:35:13+03:00 [INFO] : Goes to the function docs: https://developer.wordpress.org/reference/functions/bloginfo/
2021-11-30T00:35:34+03:00 [INFO] : Goes to the function docs: https://developer.wordpress.org/reference/functions/bloginfo_rss/
2021-11-30T00:35:55+03:00 [INFO] : Goes to the function docs: https://developer.wordpress.org/reference/functions/body_class/
2021-11-30T00:36:17+03:00 [INFO] : Goes to the function docs: https://developer.wordpress.org/reference/functions/bool_from_yn/
2021-11-30T00:36:38+03:00 [INFO] : Goes to the function docs: https://developer.wordpress.org/reference/functions/build_query/
2021-11-30T00:36:59+03:00 [INFO] : Goes to the function docs: https://developer.wordpress.org/reference/functions/build_query_vars_from_query_block/
2021-11-30T00:37:20+03:00 [INFO] : Goes to the function docs: https://developer.wordpress.org/reference/functions/bulk_edit_posts/
2021-11-30T00:37:42+03:00 [INFO] : Goes to the function docs: https://developer.wordpress.org/reference/functions/cache_javascript_headers/
2021-11-30T00:38:03+03:00 [INFO] : Goes to the function docs: https://developer.wordpress.org/reference/functions/cache_users/
2021-11-30T00:38:24+03:00 [INFO] : Goes to the function docs: https://developer.wordpress.org/reference/functions/calendar_week_mod/
2021-11-30T00:38:45+03:00 [INFO] : Goes to the function docs: https://developer.wordpress.org/reference/functions/cancel_comment_reply_link/
2021-11-30T00:39:06+03:00 [INFO] : Goes to the function docs: https://developer.wordpress.org/reference/functions/can_edit_network/
2021-11-30T00:39:27+03:00 [INFO] : Goes to the function docs: https://developer.wordpress.org/reference/functions/capital_p_dangit/
2021-11-30T00:39:48+03:00 [INFO] : Goes to the function docs: https://developer.wordpress.org/reference/functions/category_description/
2021-11-30T00:40:09+03:00 [INFO] : Goes to the function docs: https://developer.wordpress.org/reference/functions/category_exists/
2021-11-30T00:40:31+03:00 [INFO] : Goes to the function docs: https://developer.wordpress.org/reference/functions/cat_is_ancestor_of/
2021-11-30T00:40:42+03:00 [INFO] : Next listing page request: https://developer.wordpress.org/reference/functions/page/5/
2021-11-30T00:40:44+03:00 [INFO] : Array
(
    [function_links] => Array
        (
            [0] => https://developer.wordpress.org/reference/functions/checked/
            [1] => https://developer.wordpress.org/reference/functions/check_admin_referer/
            [2] => https://developer.wordpress.org/reference/functions/check_ajax_referer/
            [3] => https://developer.wordpress.org/reference/functions/check_and_publish_future_post/
            [4] => https://developer.wordpress.org/reference/functions/check_column/
            [5] => https://developer.wordpress.org/reference/functions/check_comment/
            [6] => https://developer.wordpress.org/reference/functions/check_comment_flood_db/
            [7] => https://developer.wordpress.org/reference/functions/check_import_new_users/
            [8] => https://developer.wordpress.org/reference/functions/check_password_reset_key/
            [9] => https://developer.wordpress.org/reference/functions/check_theme_switched/
            [10] => https://developer.wordpress.org/reference/functions/check_upload_mimes/
            [11] => https://developer.wordpress.org/reference/functions/check_upload_size/
            [12] => https://developer.wordpress.org/reference/functions/choose_primary_blog/
            [13] => https://developer.wordpress.org/reference/functions/clean_attachment_cache/
            [14] => https://developer.wordpress.org/reference/functions/clean_blog_cache/
            [15] => https://developer.wordpress.org/reference/functions/clean_bookmark_cache/
            [16] => https://developer.wordpress.org/reference/functions/clean_category_cache/
            [17] => https://developer.wordpress.org/reference/functions/clean_comment_cache/
            [18] => https://developer.wordpress.org/reference/functions/clean_dirsize_cache/
            [19] => https://developer.wordpress.org/reference/functions/clean_network_cache/
            [20] => https://developer.wordpress.org/reference/functions/clean_object_term_cache/
            [21] => https://developer.wordpress.org/reference/functions/clean_page_cache/
            [22] => https://developer.wordpress.org/reference/functions/clean_post_cache/
            [23] => https://developer.wordpress.org/reference/functions/clean_pre/
            [24] => https://developer.wordpress.org/reference/functions/clean_site_details_cache/
            [25] => https://developer.wordpress.org/reference/functions/clean_taxonomy_cache/
            [26] => https://developer.wordpress.org/reference/functions/clean_term_cache/
            [27] => https://developer.wordpress.org/reference/functions/clean_url/
            [28] => https://developer.wordpress.org/reference/functions/clean_user_cache/
            [29] => https://developer.wordpress.org/reference/functions/clear_global_post_cache/
        )

    [next_page] => Array
        (
            [0] => https://developer.wordpress.org/reference/functions/page/6/
        )

)

2021-11-30T00:40:54+03:00 [INFO] : Goes to the function docs: https://developer.wordpress.org/reference/functions/checked/
2021-11-30T00:41:15+03:00 [INFO] : Goes to the function docs: https://developer.wordpress.org/reference/functions/check_admin_referer/
2021-11-30T00:41:36+03:00 [INFO] : Goes to the function docs: https://developer.wordpress.org/reference/functions/check_ajax_referer/
2021-11-30T00:41:58+03:00 [INFO] : Goes to the function docs: https://developer.wordpress.org/reference/functions/check_and_publish_future_post/
2021-11-30T00:42:19+03:00 [INFO] : Goes to the function docs: https://developer.wordpress.org/reference/functions/check_column/
2021-11-30T00:42:41+03:00 [INFO] : Goes to the function docs: https://developer.wordpress.org/reference/functions/check_comment/
2021-11-30T00:43:02+03:00 [INFO] : Goes to the function docs: https://developer.wordpress.org/reference/functions/check_comment_flood_db/
2021-11-30T00:43:23+03:00 [INFO] : Goes to the function docs: https://developer.wordpress.org/reference/functions/check_import_new_users/
2021-11-30T00:43:46+03:00 [INFO] : Goes to the function docs: https://developer.wordpress.org/reference/functions/check_password_reset_key/
2021-11-30T00:44:07+03:00 [INFO] : Goes to the function docs: https://developer.wordpress.org/reference/functions/check_theme_switched/
2021-11-30T00:44:28+03:00 [INFO] : Goes to the function docs: https://developer.wordpress.org/reference/functions/check_upload_mimes/
2021-11-30T00:44:49+03:00 [INFO] : Goes to the function docs: https://developer.wordpress.org/reference/functions/check_upload_size/
2021-11-30T00:45:11+03:00 [INFO] : Goes to the function docs: https://developer.wordpress.org/reference/functions/choose_primary_blog/
2021-11-30T00:45:32+03:00 [INFO] : Goes to the function docs: https://developer.wordpress.org/reference/functions/clean_attachment_cache/
2021-11-30T00:45:53+03:00 [INFO] : Goes to the function docs: https://developer.wordpress.org/reference/functions/clean_blog_cache/
2021-11-30T00:46:14+03:00 [INFO] : Goes to the function docs: https://developer.wordpress.org/reference/functions/clean_bookmark_cache/
2021-11-30T00:46:35+03:00 [INFO] : Goes to the function docs: https://developer.wordpress.org/reference/functions/clean_category_cache/
2021-11-30T00:46:57+03:00 [INFO] : Goes to the function docs: https://developer.wordpress.org/reference/functions/clean_comment_cache/
2021-11-30T00:47:18+03:00 [INFO] : Goes to the function docs: https://developer.wordpress.org/reference/functions/clean_dirsize_cache/
2021-11-30T00:47:39+03:00 [INFO] : Goes to the function docs: https://developer.wordpress.org/reference/functions/clean_network_cache/
2021-11-30T00:48:00+03:00 [INFO] : Goes to the function docs: https://developer.wordpress.org/reference/functions/clean_object_term_cache/
2021-11-30T00:48:21+03:00 [INFO] : Goes to the function docs: https://developer.wordpress.org/reference/functions/clean_page_cache/
2021-11-30T00:48:42+03:00 [INFO] : Goes to the function docs: https://developer.wordpress.org/reference/functions/clean_post_cache/
2021-11-30T00:49:03+03:00 [INFO] : Goes to the function docs: https://developer.wordpress.org/reference/functions/clean_pre/
2021-11-30T00:49:25+03:00 [INFO] : Goes to the function docs: https://developer.wordpress.org/reference/functions/clean_site_details_cache/
2021-11-30T00:49:46+03:00 [INFO] : Goes to the function docs: https://developer.wordpress.org/reference/functions/clean_taxonomy_cache/
2021-11-30T00:50:07+03:00 [INFO] : Goes to the function docs: https://developer.wordpress.org/reference/functions/clean_term_cache/
2021-11-30T00:50:29+03:00 [INFO] : Goes to the function docs: https://developer.wordpress.org/reference/functions/clean_url/
2021-11-30T00:50:50+03:00 [INFO] : Goes to the function docs: https://developer.wordpress.org/reference/functions/clean_user_cache/
2021-11-30T00:51:12+03:00 [INFO] : Goes to the function docs: https://developer.wordpress.org/reference/functions/clear_global_post_cache/
2021-11-30T00:51:23+03:00 [INFO] : Next listing page request: https://developer.wordpress.org/reference/functions/page/6/
2021-11-30T00:51:25+03:00 [INFO] : Array
(
    [function_links] => Array
        (
            [0] => https://developer.wordpress.org/reference/functions/codepress_footer_js/
            [1] => https://developer.wordpress.org/reference/functions/codepress_get_lang/
            [2] => https://developer.wordpress.org/reference/functions/comments_link/
            [3] => https://developer.wordpress.org/reference/functions/comments_link_feed/
            [4] => https://developer.wordpress.org/reference/functions/comments_number/
            [5] => https://developer.wordpress.org/reference/functions/comments_open/
            [6] => https://developer.wordpress.org/reference/functions/comments_popup_link/
            [7] => https://developer.wordpress.org/reference/functions/comments_popup_script/
            [8] => https://developer.wordpress.org/reference/functions/comments_rss/
            [9] => https://developer.wordpress.org/reference/functions/comments_rss_link/
            [10] => https://developer.wordpress.org/reference/functions/comments_template/
            [11] => https://developer.wordpress.org/reference/functions/comment_author/
            [12] => https://developer.wordpress.org/reference/functions/comment_author_email/
            [13] => https://developer.wordpress.org/reference/functions/comment_author_email_link/
            [14] => https://developer.wordpress.org/reference/functions/comment_author_ip/
            [15] => https://developer.wordpress.org/reference/functions/comment_author_link/
            [16] => https://developer.wordpress.org/reference/functions/comment_author_rss/
            [17] => https://developer.wordpress.org/reference/functions/comment_author_url/
            [18] => https://developer.wordpress.org/reference/functions/comment_author_url_link/
            [19] => https://developer.wordpress.org/reference/functions/comment_class/
            [20] => https://developer.wordpress.org/reference/functions/comment_date/
            [21] => https://developer.wordpress.org/reference/functions/comment_excerpt/
            [22] => https://developer.wordpress.org/reference/functions/comment_exists/
            [23] => https://developer.wordpress.org/reference/functions/comment_footer_die/
            [24] => https://developer.wordpress.org/reference/functions/comment_form/
            [25] => https://developer.wordpress.org/reference/functions/comment_form_title/
            [26] => https://developer.wordpress.org/reference/functions/comment_guid/
            [27] => https://developer.wordpress.org/reference/functions/comment_id/
            [28] => https://developer.wordpress.org/reference/functions/comment_id_fields/
            [29] => https://developer.wordpress.org/reference/functions/comment_link/
        )

    [next_page] => Array
        (
            [0] => https://developer.wordpress.org/reference/functions/page/7/
        )

)

2021-11-30T00:51:35+03:00 [INFO] : Goes to the function docs: https://developer.wordpress.org/reference/functions/codepress_footer_js/
2021-11-30T00:51:56+03:00 [INFO] : Goes to the function docs: https://developer.wordpress.org/reference/functions/codepress_get_lang/
2021-11-30T00:52:17+03:00 [INFO] : Goes to the function docs: https://developer.wordpress.org/reference/functions/comments_link/
2021-11-30T00:52:38+03:00 [INFO] : Goes to the function docs: https://developer.wordpress.org/reference/functions/comments_link_feed/
2021-11-30T00:52:59+03:00 [INFO] : Goes to the function docs: https://developer.wordpress.org/reference/functions/comments_number/
2021-11-30T00:53:20+03:00 [INFO] : Goes to the function docs: https://developer.wordpress.org/reference/functions/comments_open/
2021-11-30T00:53:42+03:00 [INFO] : Goes to the function docs: https://developer.wordpress.org/reference/functions/comments_popup_link/
2021-11-30T00:54:03+03:00 [INFO] : Goes to the function docs: https://developer.wordpress.org/reference/functions/comments_popup_script/
2021-11-30T00:54:24+03:00 [INFO] : Goes to the function docs: https://developer.wordpress.org/reference/functions/comments_rss/
2021-11-30T00:54:45+03:00 [INFO] : Goes to the function docs: https://developer.wordpress.org/reference/functions/comments_rss_link/
2021-11-30T00:55:06+03:00 [INFO] : Goes to the function docs: https://developer.wordpress.org/reference/functions/comments_template/
2021-11-30T00:55:27+03:00 [INFO] : Goes to the function docs: https://developer.wordpress.org/reference/functions/comment_author/
2021-11-30T00:55:51+03:00 [INFO] : Goes to the function docs: https://developer.wordpress.org/reference/functions/comment_author_email/
2021-11-30T00:56:12+03:00 [INFO] : Goes to the function docs: https://developer.wordpress.org/reference/functions/comment_author_email_link/
2021-11-30T00:56:33+03:00 [INFO] : Goes to the function docs: https://developer.wordpress.org/reference/functions/comment_author_ip/
2021-11-30T00:56:55+03:00 [INFO] : Goes to the function docs: https://developer.wordpress.org/reference/functions/comment_author_link/
2021-11-30T00:57:16+03:00 [INFO] : Goes to the function docs: https://developer.wordpress.org/reference/functions/comment_author_rss/
2021-11-30T00:57:37+03:00 [INFO] : Goes to the function docs: https://developer.wordpress.org/reference/functions/comment_author_url/
2021-11-30T00:57:59+03:00 [INFO] : Goes to the function docs: https://developer.wordpress.org/reference/functions/comment_author_url_link/
2021-11-30T00:58:20+03:00 [INFO] : Goes to the function docs: https://developer.wordpress.org/reference/functions/comment_class/
2021-11-30T00:58:41+03:00 [INFO] : Goes to the function docs: https://developer.wordpress.org/reference/functions/comment_date/
2021-11-30T00:59:03+03:00 [INFO] : Goes to the function docs: https://developer.wordpress.org/reference/functions/comment_excerpt/
2021-11-30T00:59:24+03:00 [INFO] : Goes to the function docs: https://developer.wordpress.org/reference/functions/comment_exists/
2021-11-30T00:59:45+03:00 [INFO] : Goes to the function docs: https://developer.wordpress.org/reference/functions/comment_footer_die/
2021-11-30T01:00:06+03:00 [INFO] : Goes to the function docs: https://developer.wordpress.org/reference/functions/comment_form/
2021-11-30T01:00:27+03:00 [INFO] : Goes to the function docs: https://developer.wordpress.org/reference/functions/comment_form_title/
2021-11-30T01:00:49+03:00 [INFO] : Goes to the function docs: https://developer.wordpress.org/reference/functions/comment_guid/
2021-11-30T01:01:10+03:00 [INFO] : Goes to the function docs: https://developer.wordpress.org/reference/functions/comment_id/
2021-11-30T01:01:31+03:00 [INFO] : Goes to the function docs: https://developer.wordpress.org/reference/functions/comment_id_fields/
2021-11-30T01:01:52+03:00 [INFO] : Goes to the function docs: https://developer.wordpress.org/reference/functions/comment_link/
2021-11-30T01:02:03+03:00 [INFO] : Next listing page request: https://developer.wordpress.org/reference/functions/page/7/
2021-11-30T01:02:05+03:00 [INFO] : Array
(
    [function_links] => Array
        (
            [0] => https://developer.wordpress.org/reference/functions/comment_reply_link/
            [1] => https://developer.wordpress.org/reference/functions/comment_text/
            [2] => https://developer.wordpress.org/reference/functions/comment_text_rss/
            [3] => https://developer.wordpress.org/reference/functions/comment_time/
            [4] => https://developer.wordpress.org/reference/functions/comment_type/
            [5] => https://developer.wordpress.org/reference/functions/compression_test/
            [6] => https://developer.wordpress.org/reference/functions/confirm_another_blog_signup/
            [7] => https://developer.wordpress.org/reference/functions/confirm_blog_signup/
            [8] => https://developer.wordpress.org/reference/functions/confirm_delete_users/
            [9] => https://developer.wordpress.org/reference/functions/confirm_user_signup/
            [10] => https://developer.wordpress.org/reference/functions/content_url/
            [11] => https://developer.wordpress.org/reference/functions/convert_chars/
            [12] => https://developer.wordpress.org/reference/functions/convert_invalid_entities/
            [13] => https://developer.wordpress.org/reference/functions/convert_smilies/
            [14] => https://developer.wordpress.org/reference/functions/convert_to_screen/
            [15] => https://developer.wordpress.org/reference/functions/copy_dir/
            [16] => https://developer.wordpress.org/reference/functions/core_auto_updates_settings/
            [17] => https://developer.wordpress.org/reference/functions/core_update_footer/
            [18] => https://developer.wordpress.org/reference/functions/core_upgrade_preamble/
            [19] => https://developer.wordpress.org/reference/functions/count_many_users_posts/
            [20] => https://developer.wordpress.org/reference/functions/count_users/
            [21] => https://developer.wordpress.org/reference/functions/count_user_posts/
            [22] => https://developer.wordpress.org/reference/functions/create_empty_blog/
            [23] => https://developer.wordpress.org/reference/functions/create_initial_post_types/
            [24] => https://developer.wordpress.org/reference/functions/create_initial_rest_routes/
            [25] => https://developer.wordpress.org/reference/functions/create_initial_taxonomies/
            [26] => https://developer.wordpress.org/reference/functions/create_initial_theme_features/
            [27] => https://developer.wordpress.org/reference/functions/create_user/
            [28] => https://developer.wordpress.org/reference/functions/current_action/
            [29] => https://developer.wordpress.org/reference/functions/current_datetime/
        )

    [next_page] => Array
        (
            [0] => https://developer.wordpress.org/reference/functions/page/8/
        )

)

2021-11-30T01:02:15+03:00 [INFO] : Goes to the function docs: https://developer.wordpress.org/reference/functions/comment_reply_link/
2021-11-30T01:02:36+03:00 [INFO] : Goes to the function docs: https://developer.wordpress.org/reference/functions/comment_text/
2021-11-30T01:02:58+03:00 [INFO] : Goes to the function docs: https://developer.wordpress.org/reference/functions/comment_text_rss/
2021-11-30T01:03:19+03:00 [INFO] : Goes to the function docs: https://developer.wordpress.org/reference/functions/comment_time/
2021-11-30T01:03:40+03:00 [INFO] : Goes to the function docs: https://developer.wordpress.org/reference/functions/comment_type/
2021-11-30T01:04:01+03:00 [INFO] : Goes to the function docs: https://developer.wordpress.org/reference/functions/compression_test/
2021-11-30T01:04:22+03:00 [INFO] : Goes to the function docs: https://developer.wordpress.org/reference/functions/confirm_another_blog_signup/
2021-11-30T01:04:44+03:00 [INFO] : Goes to the function docs: https://developer.wordpress.org/reference/functions/confirm_blog_signup/
2021-11-30T01:05:05+03:00 [INFO] : Goes to the function docs: https://developer.wordpress.org/reference/functions/confirm_delete_users/
2021-11-30T01:05:26+03:00 [INFO] : Goes to the function docs: https://developer.wordpress.org/reference/functions/confirm_user_signup/
2021-11-30T01:05:47+03:00 [INFO] : Goes to the function docs: https://developer.wordpress.org/reference/functions/content_url/
2021-11-30T01:06:08+03:00 [INFO] : Goes to the function docs: https://developer.wordpress.org/reference/functions/convert_chars/
2021-11-30T01:06:29+03:00 [INFO] : Goes to the function docs: https://developer.wordpress.org/reference/functions/convert_invalid_entities/
2021-11-30T01:06:51+03:00 [INFO] : Goes to the function docs: https://developer.wordpress.org/reference/functions/convert_smilies/
2021-11-30T01:07:12+03:00 [INFO] : Goes to the function docs: https://developer.wordpress.org/reference/functions/convert_to_screen/
2021-11-30T01:07:33+03:00 [INFO] : Goes to the function docs: https://developer.wordpress.org/reference/functions/copy_dir/
2021-11-30T01:07:54+03:00 [INFO] : Goes to the function docs: https://developer.wordpress.org/reference/functions/core_auto_updates_settings/
2021-11-30T01:08:15+03:00 [INFO] : Goes to the function docs: https://developer.wordpress.org/reference/functions/core_update_footer/
2021-11-30T01:08:37+03:00 [INFO] : Goes to the function docs: https://developer.wordpress.org/reference/functions/core_upgrade_preamble/
2021-11-30T01:08:59+03:00 [INFO] : Goes to the function docs: https://developer.wordpress.org/reference/functions/count_many_users_posts/
2021-11-30T01:09:20+03:00 [INFO] : Goes to the function docs: https://developer.wordpress.org/reference/functions/count_users/
2021-11-30T01:09:41+03:00 [INFO] : Goes to the function docs: https://developer.wordpress.org/reference/functions/count_user_posts/
2021-11-30T01:10:03+03:00 [INFO] : Goes to the function docs: https://developer.wordpress.org/reference/functions/create_empty_blog/
2021-11-30T01:10:24+03:00 [INFO] : Goes to the function docs: https://developer.wordpress.org/reference/functions/create_initial_post_types/
2021-11-30T01:10:45+03:00 [INFO] : Goes to the function docs: https://developer.wordpress.org/reference/functions/create_initial_rest_routes/
2021-11-30T01:11:06+03:00 [INFO] : Goes to the function docs: https://developer.wordpress.org/reference/functions/create_initial_taxonomies/
2021-11-30T01:11:28+03:00 [INFO] : Goes to the function docs: https://developer.wordpress.org/reference/functions/create_initial_theme_features/
2021-11-30T01:11:49+03:00 [INFO] : Goes to the function docs: https://developer.wordpress.org/reference/functions/create_user/
2021-11-30T01:12:10+03:00 [INFO] : Goes to the function docs: https://developer.wordpress.org/reference/functions/current_action/
2021-11-30T01:12:31+03:00 [INFO] : Goes to the function docs: https://developer.wordpress.org/reference/functions/current_datetime/
2021-11-30T01:12:42+03:00 [INFO] : Next listing page request: https://developer.wordpress.org/reference/functions/page/8/
2021-11-30T01:12:45+03:00 [INFO] : Array
(
    [function_links] => Array
        (
            [0] => https://developer.wordpress.org/reference/functions/current_filter/
            [1] => https://developer.wordpress.org/reference/functions/current_theme_info/
            [2] => https://developer.wordpress.org/reference/functions/current_theme_supports/
            [3] => https://developer.wordpress.org/reference/functions/current_time/
            [4] => https://developer.wordpress.org/reference/functions/current_user_can/
            [5] => https://developer.wordpress.org/reference/functions/current_user_can_for_blog/
            [6] => https://developer.wordpress.org/reference/functions/customize_themes_print_templates/
            [7] => https://developer.wordpress.org/reference/functions/dashboard_browser_nag_class/
            [8] => https://developer.wordpress.org/reference/functions/dashboard_php_nag_class/
            [9] => https://developer.wordpress.org/reference/functions/date_i18n/
            [10] => https://developer.wordpress.org/reference/functions/dbdelta/
            [11] => https://developer.wordpress.org/reference/functions/deactivated_plugins_notice/
            [12] => https://developer.wordpress.org/reference/functions/deactivate_plugins/
            [13] => https://developer.wordpress.org/reference/functions/deactivate_sitewide_plugin/
            [14] => https://developer.wordpress.org/reference/functions/dead_db/
            [15] => https://developer.wordpress.org/reference/functions/debug_fclose/
            [16] => https://developer.wordpress.org/reference/functions/debug_fopen/
            [17] => https://developer.wordpress.org/reference/functions/debug_fwrite/
            [18] => https://developer.wordpress.org/reference/functions/default_password_nag/
            [19] => https://developer.wordpress.org/reference/functions/default_password_nag_edit_user/
            [20] => https://developer.wordpress.org/reference/functions/default_password_nag_handler/
            [21] => https://developer.wordpress.org/reference/functions/default_topic_count_scale/
            [22] => https://developer.wordpress.org/reference/functions/default_topic_count_text/
            [23] => https://developer.wordpress.org/reference/functions/delete_all_user_settings/
            [24] => https://developer.wordpress.org/reference/functions/delete_blog_option/
            [25] => https://developer.wordpress.org/reference/functions/delete_comment_meta/
            [26] => https://developer.wordpress.org/reference/functions/delete_expired_transients/
            [27] => https://developer.wordpress.org/reference/functions/delete_get_calendar_cache/
            [28] => https://developer.wordpress.org/reference/functions/delete_meta/
            [29] => https://developer.wordpress.org/reference/functions/delete_metadata/
        )

    [next_page] => Array
        (
            [0] => https://developer.wordpress.org/reference/functions/page/9/
        )

)

2021-11-30T01:12:55+03:00 [INFO] : Goes to the function docs: https://developer.wordpress.org/reference/functions/current_filter/
2021-11-30T01:13:16+03:00 [INFO] : Goes to the function docs: https://developer.wordpress.org/reference/functions/current_theme_info/
2021-11-30T01:13:37+03:00 [INFO] : Goes to the function docs: https://developer.wordpress.org/reference/functions/current_theme_supports/
2021-11-30T01:13:59+03:00 [INFO] : Goes to the function docs: https://developer.wordpress.org/reference/functions/current_time/
2021-11-30T01:14:20+03:00 [INFO] : Goes to the function docs: https://developer.wordpress.org/reference/functions/current_user_can/
2021-11-30T01:14:43+03:00 [INFO] : Goes to the function docs: https://developer.wordpress.org/reference/functions/current_user_can_for_blog/
2021-11-30T01:15:04+03:00 [INFO] : Goes to the function docs: https://developer.wordpress.org/reference/functions/customize_themes_print_templates/
2021-11-30T01:15:26+03:00 [INFO] : Goes to the function docs: https://developer.wordpress.org/reference/functions/dashboard_browser_nag_class/
2021-11-30T01:15:48+03:00 [INFO] : Goes to the function docs: https://developer.wordpress.org/reference/functions/dashboard_php_nag_class/
2021-11-30T01:16:09+03:00 [INFO] : Goes to the function docs: https://developer.wordpress.org/reference/functions/date_i18n/
2021-11-30T01:16:31+03:00 [INFO] : Goes to the function docs: https://developer.wordpress.org/reference/functions/dbdelta/
2021-11-30T01:16:53+03:00 [INFO] : Goes to the function docs: https://developer.wordpress.org/reference/functions/deactivated_plugins_notice/
2021-11-30T01:17:14+03:00 [INFO] : Goes to the function docs: https://developer.wordpress.org/reference/functions/deactivate_plugins/
2021-11-30T01:17:36+03:00 [INFO] : Goes to the function docs: https://developer.wordpress.org/reference/functions/deactivate_sitewide_plugin/
2021-11-30T01:17:57+03:00 [INFO] : Goes to the function docs: https://developer.wordpress.org/reference/functions/dead_db/
2021-11-30T01:18:19+03:00 [INFO] : Goes to the function docs: https://developer.wordpress.org/reference/functions/debug_fclose/
2021-11-30T01:18:40+03:00 [INFO] : Goes to the function docs: https://developer.wordpress.org/reference/functions/debug_fopen/
2021-11-30T01:19:01+03:00 [INFO] : Goes to the function docs: https://developer.wordpress.org/reference/functions/debug_fwrite/
2021-11-30T01:19:22+03:00 [INFO] : Goes to the function docs: https://developer.wordpress.org/reference/functions/default_password_nag/
2021-11-30T01:19:43+03:00 [INFO] : Goes to the function docs: https://developer.wordpress.org/reference/functions/default_password_nag_edit_user/
2021-11-30T01:20:04+03:00 [INFO] : Goes to the function docs: https://developer.wordpress.org/reference/functions/default_password_nag_handler/
2021-11-30T01:20:26+03:00 [INFO] : Goes to the function docs: https://developer.wordpress.org/reference/functions/default_topic_count_scale/
2021-11-30T01:20:47+03:00 [INFO] : Goes to the function docs: https://developer.wordpress.org/reference/functions/default_topic_count_text/
2021-11-30T01:21:08+03:00 [INFO] : Goes to the function docs: https://developer.wordpress.org/reference/functions/delete_all_user_settings/
2021-11-30T01:21:29+03:00 [INFO] : Goes to the function docs: https://developer.wordpress.org/reference/functions/delete_blog_option/
2021-11-30T01:21:50+03:00 [INFO] : Goes to the function docs: https://developer.wordpress.org/reference/functions/delete_comment_meta/
2021-11-30T01:22:12+03:00 [INFO] : Goes to the function docs: https://developer.wordpress.org/reference/functions/delete_expired_transients/
2021-11-30T01:22:33+03:00 [INFO] : Goes to the function docs: https://developer.wordpress.org/reference/functions/delete_get_calendar_cache/
2021-11-30T01:22:54+03:00 [INFO] : Goes to the function docs: https://developer.wordpress.org/reference/functions/delete_meta/
2021-11-30T01:23:15+03:00 [INFO] : Goes to the function docs: https://developer.wordpress.org/reference/functions/delete_metadata/
2021-11-30T01:23:26+03:00 [INFO] : Next listing page request: https://developer.wordpress.org/reference/functions/page/9/
2021-11-30T01:23:28+03:00 [INFO] : Array
(
    [function_links] => Array
        (
            [0] => https://developer.wordpress.org/reference/functions/delete_metadata_by_mid/
            [1] => https://developer.wordpress.org/reference/functions/delete_network_option/
            [2] => https://developer.wordpress.org/reference/functions/delete_option/
            [3] => https://developer.wordpress.org/reference/functions/delete_plugins/
            [4] => https://developer.wordpress.org/reference/functions/delete_post_meta/
            [5] => https://developer.wordpress.org/reference/functions/delete_post_meta_by_key/
            [6] => https://developer.wordpress.org/reference/functions/delete_post_thumbnail/
            [7] => https://developer.wordpress.org/reference/functions/delete_site_meta/
            [8] => https://developer.wordpress.org/reference/functions/delete_site_meta_by_key/
            [9] => https://developer.wordpress.org/reference/functions/delete_site_option/
            [10] => https://developer.wordpress.org/reference/functions/delete_site_transient/
            [11] => https://developer.wordpress.org/reference/functions/delete_term_meta/
            [12] => https://developer.wordpress.org/reference/functions/delete_theme/
            [13] => https://developer.wordpress.org/reference/functions/delete_transient/
            [14] => https://developer.wordpress.org/reference/functions/delete_usermeta/
            [15] => https://developer.wordpress.org/reference/functions/delete_users_add_js/
            [16] => https://developer.wordpress.org/reference/functions/delete_user_meta/
            [17] => https://developer.wordpress.org/reference/functions/delete_user_option/
            [18] => https://developer.wordpress.org/reference/functions/delete_user_setting/
            [19] => https://developer.wordpress.org/reference/functions/deslash/
            [20] => https://developer.wordpress.org/reference/functions/determine_locale/
            [21] => https://developer.wordpress.org/reference/functions/did_action/
            [22] => https://developer.wordpress.org/reference/functions/disabled/
            [23] => https://developer.wordpress.org/reference/functions/discover_pingback_server_uri/
            [24] => https://developer.wordpress.org/reference/functions/dismissed_updates/
            [25] => https://developer.wordpress.org/reference/functions/dismiss_core_update/
            [26] => https://developer.wordpress.org/reference/functions/display_header/
            [27] => https://developer.wordpress.org/reference/functions/display_header_text/
            [28] => https://developer.wordpress.org/reference/functions/display_plugins_table/
            [29] => https://developer.wordpress.org/reference/functions/display_setup_form/
        )

    [next_page] => Array
        (
            [0] => https://developer.wordpress.org/reference/functions/page/10/
        )

)

2021-11-30T01:23:38+03:00 [INFO] : Goes to the function docs: https://developer.wordpress.org/reference/functions/delete_metadata_by_mid/
2021-11-30T01:24:00+03:00 [INFO] : Goes to the function docs: https://developer.wordpress.org/reference/functions/delete_network_option/
2021-11-30T01:24:21+03:00 [INFO] : Goes to the function docs: https://developer.wordpress.org/reference/functions/delete_option/
2021-11-30T01:24:42+03:00 [INFO] : Goes to the function docs: https://developer.wordpress.org/reference/functions/delete_plugins/
2021-11-30T01:25:04+03:00 [INFO] : Goes to the function docs: https://developer.wordpress.org/reference/functions/delete_post_meta/
2021-11-30T01:25:25+03:00 [INFO] : Goes to the function docs: https://developer.wordpress.org/reference/functions/delete_post_meta_by_key/
2021-11-30T01:25:46+03:00 [INFO] : Goes to the function docs: https://developer.wordpress.org/reference/functions/delete_post_thumbnail/
2021-11-30T01:26:07+03:00 [INFO] : Goes to the function docs: https://developer.wordpress.org/reference/functions/delete_site_meta/
2021-11-30T01:26:29+03:00 [INFO] : Goes to the function docs: https://developer.wordpress.org/reference/functions/delete_site_meta_by_key/
2021-11-30T01:26:50+03:00 [INFO] : Goes to the function docs: https://developer.wordpress.org/reference/functions/delete_site_option/
2021-11-30T01:27:11+03:00 [INFO] : Goes to the function docs: https://developer.wordpress.org/reference/functions/delete_site_transient/
2021-11-30T01:27:32+03:00 [INFO] : Goes to the function docs: https://developer.wordpress.org/reference/functions/delete_term_meta/
2021-11-30T01:27:53+03:00 [INFO] : Goes to the function docs: https://developer.wordpress.org/reference/functions/delete_theme/
2021-11-30T01:28:15+03:00 [INFO] : Goes to the function docs: https://developer.wordpress.org/reference/functions/delete_transient/
2021-11-30T01:28:36+03:00 [INFO] : Goes to the function docs: https://developer.wordpress.org/reference/functions/delete_usermeta/
2021-11-30T01:28:57+03:00 [INFO] : Goes to the function docs: https://developer.wordpress.org/reference/functions/delete_users_add_js/
2021-11-30T01:29:18+03:00 [INFO] : Goes to the function docs: https://developer.wordpress.org/reference/functions/delete_user_meta/
2021-11-30T01:29:39+03:00 [INFO] : Goes to the function docs: https://developer.wordpress.org/reference/functions/delete_user_option/
2021-11-30T01:30:01+03:00 [INFO] : Goes to the function docs: https://developer.wordpress.org/reference/functions/delete_user_setting/
2021-11-30T01:30:22+03:00 [INFO] : Goes to the function docs: https://developer.wordpress.org/reference/functions/deslash/
2021-11-30T01:30:43+03:00 [INFO] : Goes to the function docs: https://developer.wordpress.org/reference/functions/determine_locale/
2021-11-30T01:31:04+03:00 [INFO] : Goes to the function docs: https://developer.wordpress.org/reference/functions/did_action/
2021-11-30T01:31:25+03:00 [INFO] : Goes to the function docs: https://developer.wordpress.org/reference/functions/disabled/
2021-11-30T01:31:47+03:00 [INFO] : Goes to the function docs: https://developer.wordpress.org/reference/functions/discover_pingback_server_uri/
2021-11-30T01:32:08+03:00 [INFO] : Goes to the function docs: https://developer.wordpress.org/reference/functions/dismissed_updates/
2021-11-30T01:32:29+03:00 [INFO] : Goes to the function docs: https://developer.wordpress.org/reference/functions/dismiss_core_update/
2021-11-30T01:32:50+03:00 [INFO] : Goes to the function docs: https://developer.wordpress.org/reference/functions/display_header/
2021-11-30T01:33:11+03:00 [INFO] : Goes to the function docs: https://developer.wordpress.org/reference/functions/display_header_text/
2021-11-30T01:33:32+03:00 [INFO] : Goes to the function docs: https://developer.wordpress.org/reference/functions/display_plugins_table/
2021-11-30T01:33:54+03:00 [INFO] : Goes to the function docs: https://developer.wordpress.org/reference/functions/display_setup_form/
2021-11-30T01:34:05+03:00 [INFO] : Next listing page request: https://developer.wordpress.org/reference/functions/page/10/
2021-11-30T01:34:07+03:00 [INFO] : Array
(
    [function_links] => Array
        (
            [0] => https://developer.wordpress.org/reference/functions/display_space_usage/
            [1] => https://developer.wordpress.org/reference/functions/display_theme/
            [2] => https://developer.wordpress.org/reference/functions/display_themes/
            [3] => https://developer.wordpress.org/reference/functions/documentation_link/
            [4] => https://developer.wordpress.org/reference/functions/doing_action/
            [5] => https://developer.wordpress.org/reference/functions/doing_filter/
            [6] => https://developer.wordpress.org/reference/functions/domain_exists/
            [7] => https://developer.wordpress.org/reference/functions/download_url/
            [8] => https://developer.wordpress.org/reference/functions/do_accordion_sections/
            [9] => https://developer.wordpress.org/reference/functions/do_action/
            [10] => https://developer.wordpress.org/reference/functions/do_action_deprecated/
            [11] => https://developer.wordpress.org/reference/functions/do_action_ref_array/
            [12] => https://developer.wordpress.org/reference/functions/do_activate_header/
            [13] => https://developer.wordpress.org/reference/functions/do_all_enclosures/
            [14] => https://developer.wordpress.org/reference/functions/do_all_pingbacks/
            [15] => https://developer.wordpress.org/reference/functions/do_all_pings/
            [16] => https://developer.wordpress.org/reference/functions/do_all_trackbacks/
            [17] => https://developer.wordpress.org/reference/functions/do_blocks/
            [18] => https://developer.wordpress.org/reference/functions/do_block_editor_incompatible_meta_box/
            [19] => https://developer.wordpress.org/reference/functions/do_core_upgrade/
            [20] => https://developer.wordpress.org/reference/functions/do_dismiss_core_update/
            [21] => https://developer.wordpress.org/reference/functions/do_enclose/
            [22] => https://developer.wordpress.org/reference/functions/do_favicon/
            [23] => https://developer.wordpress.org/reference/functions/do_feed/
            [24] => https://developer.wordpress.org/reference/functions/do_feed_atom/
            [25] => https://developer.wordpress.org/reference/functions/do_feed_rdf/
            [26] => https://developer.wordpress.org/reference/functions/do_feed_rss/
            [27] => https://developer.wordpress.org/reference/functions/do_feed_rss2/
            [28] => https://developer.wordpress.org/reference/functions/do_meta_boxes/
            [29] => https://developer.wordpress.org/reference/functions/do_robots/
        )

    [next_page] => Array
        (
            [0] => https://developer.wordpress.org/reference/functions/page/11/
        )

)

2021-11-30T01:34:17+03:00 [INFO] : Goes to the function docs: https://developer.wordpress.org/reference/functions/display_space_usage/
2021-11-30T01:34:38+03:00 [INFO] : Goes to the function docs: https://developer.wordpress.org/reference/functions/display_theme/
2021-11-30T01:34:59+03:00 [INFO] : Goes to the function docs: https://developer.wordpress.org/reference/functions/display_themes/
2021-11-30T01:35:21+03:00 [INFO] : Goes to the function docs: https://developer.wordpress.org/reference/functions/documentation_link/
2021-11-30T01:35:42+03:00 [INFO] : Goes to the function docs: https://developer.wordpress.org/reference/functions/doing_action/
2021-11-30T01:36:03+03:00 [INFO] : Goes to the function docs: https://developer.wordpress.org/reference/functions/doing_filter/
2021-11-30T01:36:24+03:00 [INFO] : Goes to the function docs: https://developer.wordpress.org/reference/functions/domain_exists/
2021-11-30T01:36:45+03:00 [INFO] : Goes to the function docs: https://developer.wordpress.org/reference/functions/download_url/
2021-11-30T01:37:07+03:00 [INFO] : Goes to the function docs: https://developer.wordpress.org/reference/functions/do_accordion_sections/
2021-11-30T01:37:28+03:00 [INFO] : Goes to the function docs: https://developer.wordpress.org/reference/functions/do_action/
2021-11-30T01:37:50+03:00 [INFO] : Goes to the function docs: https://developer.wordpress.org/reference/functions/do_action_deprecated/
2021-11-30T01:38:11+03:00 [INFO] : Goes to the function docs: https://developer.wordpress.org/reference/functions/do_action_ref_array/
2021-11-30T01:38:32+03:00 [INFO] : Goes to the function docs: https://developer.wordpress.org/reference/functions/do_activate_header/
2021-11-30T01:38:54+03:00 [INFO] : Goes to the function docs: https://developer.wordpress.org/reference/functions/do_all_enclosures/
2021-11-30T01:39:15+03:00 [INFO] : Goes to the function docs: https://developer.wordpress.org/reference/functions/do_all_pingbacks/
2021-11-30T01:39:36+03:00 [INFO] : Goes to the function docs: https://developer.wordpress.org/reference/functions/do_all_pings/
2021-11-30T01:39:57+03:00 [INFO] : Goes to the function docs: https://developer.wordpress.org/reference/functions/do_all_trackbacks/
2021-11-30T01:40:18+03:00 [INFO] : Goes to the function docs: https://developer.wordpress.org/reference/functions/do_blocks/
2021-11-30T01:40:39+03:00 [INFO] : Goes to the function docs: https://developer.wordpress.org/reference/functions/do_block_editor_incompatible_meta_box/
2021-11-30T01:41:00+03:00 [INFO] : Goes to the function docs: https://developer.wordpress.org/reference/functions/do_core_upgrade/
2021-11-30T01:41:22+03:00 [INFO] : Goes to the function docs: https://developer.wordpress.org/reference/functions/do_dismiss_core_update/
2021-11-30T01:41:43+03:00 [INFO] : Goes to the function docs: https://developer.wordpress.org/reference/functions/do_enclose/
2021-11-30T01:42:04+03:00 [INFO] : Goes to the function docs: https://developer.wordpress.org/reference/functions/do_favicon/
2021-11-30T01:42:25+03:00 [INFO] : Goes to the function docs: https://developer.wordpress.org/reference/functions/do_feed/
2021-11-30T01:42:46+03:00 [INFO] : Goes to the function docs: https://developer.wordpress.org/reference/functions/do_feed_atom/
2021-11-30T01:43:08+03:00 [INFO] : Goes to the function docs: https://developer.wordpress.org/reference/functions/do_feed_rdf/
2021-11-30T01:43:29+03:00 [INFO] : Goes to the function docs: https://developer.wordpress.org/reference/functions/do_feed_rss/
2021-11-30T01:43:51+03:00 [INFO] : Goes to the function docs: https://developer.wordpress.org/reference/functions/do_feed_rss2/
2021-11-30T01:44:12+03:00 [INFO] : Goes to the function docs: https://developer.wordpress.org/reference/functions/do_meta_boxes/
2021-11-30T01:44:34+03:00 [INFO] : Goes to the function docs: https://developer.wordpress.org/reference/functions/do_robots/
2021-11-30T01:44:45+03:00 [INFO] : Next listing page request: https://developer.wordpress.org/reference/functions/page/11/
2021-11-30T01:44:47+03:00 [INFO] : Array
(
    [function_links] => Array
        (
            [0] => https://developer.wordpress.org/reference/functions/do_settings_fields/
            [1] => https://developer.wordpress.org/reference/functions/do_settings_sections/
            [2] => https://developer.wordpress.org/reference/functions/do_shortcode/
            [3] => https://developer.wordpress.org/reference/functions/do_shortcodes_in_html_tags/
            [4] => https://developer.wordpress.org/reference/functions/do_shortcode_tag/
            [5] => https://developer.wordpress.org/reference/functions/do_signup_header/
            [6] => https://developer.wordpress.org/reference/functions/do_trackbacks/
            [7] => https://developer.wordpress.org/reference/functions/do_undismiss_core_update/
            [8] => https://developer.wordpress.org/reference/functions/dropdown_categories/
            [9] => https://developer.wordpress.org/reference/functions/dropdown_cats/
            [10] => https://developer.wordpress.org/reference/functions/dropdown_link_categories/
            [11] => https://developer.wordpress.org/reference/functions/drop_index/
            [12] => https://developer.wordpress.org/reference/functions/dynamic_sidebar/
            [13] => https://developer.wordpress.org/reference/functions/edit_bookmark_link/
            [14] => https://developer.wordpress.org/reference/functions/edit_comment/
            [15] => https://developer.wordpress.org/reference/functions/edit_comment_link/
            [16] => https://developer.wordpress.org/reference/functions/edit_form_image_editor/
            [17] => https://developer.wordpress.org/reference/functions/edit_link/
            [18] => https://developer.wordpress.org/reference/functions/edit_post/
            [19] => https://developer.wordpress.org/reference/functions/edit_post_link/
            [20] => https://developer.wordpress.org/reference/functions/edit_tag_link/
            [21] => https://developer.wordpress.org/reference/functions/edit_term_link/
            [22] => https://developer.wordpress.org/reference/functions/edit_user/
            [23] => https://developer.wordpress.org/reference/functions/email_exists/
            [24] => https://developer.wordpress.org/reference/functions/endelement/
            [25] => https://developer.wordpress.org/reference/functions/enqueue_block_styles_assets/
            [26] => https://developer.wordpress.org/reference/functions/enqueue_comment_hotkeys_js/
            [27] => https://developer.wordpress.org/reference/functions/enqueue_editor_block_styles_assets/
            [28] => https://developer.wordpress.org/reference/functions/enqueue_embed_scripts/
            [29] => https://developer.wordpress.org/reference/functions/ent2ncr/
        )

    [next_page] => Array
        (
            [0] => https://developer.wordpress.org/reference/functions/page/12/
        )

)

2021-11-30T01:44:57+03:00 [INFO] : Goes to the function docs: https://developer.wordpress.org/reference/functions/do_settings_fields/
2021-11-30T01:45:20+03:00 [INFO] : Goes to the function docs: https://developer.wordpress.org/reference/functions/do_settings_sections/
2021-11-30T01:45:41+03:00 [INFO] : Goes to the function docs: https://developer.wordpress.org/reference/functions/do_shortcode/
2021-11-30T01:46:02+03:00 [INFO] : Goes to the function docs: https://developer.wordpress.org/reference/functions/do_shortcodes_in_html_tags/
2021-11-30T01:46:24+03:00 [INFO] : Goes to the function docs: https://developer.wordpress.org/reference/functions/do_shortcode_tag/
2021-11-30T01:46:46+03:00 [INFO] : Goes to the function docs: https://developer.wordpress.org/reference/functions/do_signup_header/
2021-11-30T01:47:07+03:00 [INFO] : Goes to the function docs: https://developer.wordpress.org/reference/functions/do_trackbacks/
2021-11-30T01:47:28+03:00 [INFO] : Goes to the function docs: https://developer.wordpress.org/reference/functions/do_undismiss_core_update/
2021-11-30T01:47:50+03:00 [INFO] : Goes to the function docs: https://developer.wordpress.org/reference/functions/dropdown_categories/
2021-11-30T01:48:11+03:00 [INFO] : Goes to the function docs: https://developer.wordpress.org/reference/functions/dropdown_cats/
2021-11-30T01:48:32+03:00 [INFO] : Goes to the function docs: https://developer.wordpress.org/reference/functions/dropdown_link_categories/
2021-11-30T01:48:54+03:00 [INFO] : Goes to the function docs: https://developer.wordpress.org/reference/functions/drop_index/
2021-11-30T01:49:15+03:00 [INFO] : Goes to the function docs: https://developer.wordpress.org/reference/functions/dynamic_sidebar/
2021-11-30T01:49:36+03:00 [INFO] : Goes to the function docs: https://developer.wordpress.org/reference/functions/edit_bookmark_link/
2021-11-30T01:49:58+03:00 [INFO] : Goes to the function docs: https://developer.wordpress.org/reference/functions/edit_comment/
2021-11-30T01:50:19+03:00 [INFO] : Goes to the function docs: https://developer.wordpress.org/reference/functions/edit_comment_link/
2021-11-30T01:50:40+03:00 [INFO] : Goes to the function docs: https://developer.wordpress.org/reference/functions/edit_form_image_editor/
2021-11-30T01:51:01+03:00 [INFO] : Goes to the function docs: https://developer.wordpress.org/reference/functions/edit_link/
2021-11-30T01:51:23+03:00 [INFO] : Goes to the function docs: https://developer.wordpress.org/reference/functions/edit_post/
2021-11-30T01:51:44+03:00 [INFO] : Goes to the function docs: https://developer.wordpress.org/reference/functions/edit_post_link/
2021-11-30T01:52:05+03:00 [INFO] : Goes to the function docs: https://developer.wordpress.org/reference/functions/edit_tag_link/
2021-11-30T01:52:27+03:00 [INFO] : Goes to the function docs: https://developer.wordpress.org/reference/functions/edit_term_link/
2021-11-30T01:52:48+03:00 [INFO] : Goes to the function docs: https://developer.wordpress.org/reference/functions/edit_user/
2021-11-30T01:53:10+03:00 [INFO] : Goes to the function docs: https://developer.wordpress.org/reference/functions/email_exists/
2021-11-30T01:53:31+03:00 [INFO] : Goes to the function docs: https://developer.wordpress.org/reference/functions/endelement/
2021-11-30T01:53:52+03:00 [INFO] : Goes to the function docs: https://developer.wordpress.org/reference/functions/enqueue_block_styles_assets/
2021-11-30T01:54:13+03:00 [INFO] : Goes to the function docs: https://developer.wordpress.org/reference/functions/enqueue_comment_hotkeys_js/
2021-11-30T01:54:35+03:00 [INFO] : Goes to the function docs: https://developer.wordpress.org/reference/functions/enqueue_editor_block_styles_assets/
2021-11-30T01:54:56+03:00 [INFO] : Goes to the function docs: https://developer.wordpress.org/reference/functions/enqueue_embed_scripts/
2021-11-30T01:55:17+03:00 [INFO] : Goes to the function docs: https://developer.wordpress.org/reference/functions/ent2ncr/
2021-11-30T01:55:29+03:00 [INFO] : Next listing page request: https://developer.wordpress.org/reference/functions/page/12/
2021-11-30T01:55:31+03:00 [INFO] : Array
(
    [function_links] => Array
        (
            [0] => https://developer.wordpress.org/reference/functions/esc_attr/
            [1] => https://developer.wordpress.org/reference/functions/esc_attr_e/
            [2] => https://developer.wordpress.org/reference/functions/esc_attr_x/
            [3] => https://developer.wordpress.org/reference/functions/esc_attr__/
            [4] => https://developer.wordpress.org/reference/functions/esc_html/
            [5] => https://developer.wordpress.org/reference/functions/esc_html_e/
            [6] => https://developer.wordpress.org/reference/functions/esc_html_x/
            [7] => https://developer.wordpress.org/reference/functions/esc_html__/
            [8] => https://developer.wordpress.org/reference/functions/esc_js/
            [9] => https://developer.wordpress.org/reference/functions/esc_sql/
            [10] => https://developer.wordpress.org/reference/functions/esc_textarea/
            [11] => https://developer.wordpress.org/reference/functions/esc_url/
            [12] => https://developer.wordpress.org/reference/functions/esc_url_raw/
            [13] => https://developer.wordpress.org/reference/functions/esc_xml/
            [14] => https://developer.wordpress.org/reference/functions/excerpt_remove_blocks/
            [15] => https://developer.wordpress.org/reference/functions/export_add_js/
            [16] => https://developer.wordpress.org/reference/functions/export_date_options/
            [17] => https://developer.wordpress.org/reference/functions/export_wp/
            [18] => https://developer.wordpress.org/reference/functions/extract_from_markers/
            [19] => https://developer.wordpress.org/reference/functions/favorite_actions/
            [20] => https://developer.wordpress.org/reference/functions/feed_content_type/
            [21] => https://developer.wordpress.org/reference/functions/feed_links/
            [22] => https://developer.wordpress.org/reference/functions/feed_links_extra/
            [23] => https://developer.wordpress.org/reference/functions/fetch_feed/
            [24] => https://developer.wordpress.org/reference/functions/fetch_rss/
            [25] => https://developer.wordpress.org/reference/functions/file_is_displayable_image/
            [26] => https://developer.wordpress.org/reference/functions/file_is_valid_image/
            [27] => https://developer.wordpress.org/reference/functions/filter_block_content/
            [28] => https://developer.wordpress.org/reference/functions/filter_block_kses/
            [29] => https://developer.wordpress.org/reference/functions/filter_block_kses_value/
        )

    [next_page] => Array
        (
            [0] => https://developer.wordpress.org/reference/functions/page/13/
        )

)

2021-11-30T01:55:41+03:00 [INFO] : Goes to the function docs: https://developer.wordpress.org/reference/functions/esc_attr/
2021-11-30T01:56:03+03:00 [INFO] : Goes to the function docs: https://developer.wordpress.org/reference/functions/esc_attr_e/
2021-11-30T01:56:25+03:00 [INFO] : Goes to the function docs: https://developer.wordpress.org/reference/functions/esc_attr_x/
2021-11-30T01:56:46+03:00 [INFO] : Goes to the function docs: https://developer.wordpress.org/reference/functions/esc_attr__/
2021-11-30T01:57:08+03:00 [INFO] : Goes to the function docs: https://developer.wordpress.org/reference/functions/esc_html/
2021-11-30T01:57:29+03:00 [INFO] : Goes to the function docs: https://developer.wordpress.org/reference/functions/esc_html_e/
2021-11-30T01:57:51+03:00 [INFO] : Goes to the function docs: https://developer.wordpress.org/reference/functions/esc_html_x/
2021-11-30T01:58:12+03:00 [INFO] : Goes to the function docs: https://developer.wordpress.org/reference/functions/esc_html__/
2021-11-30T01:58:33+03:00 [INFO] : Goes to the function docs: https://developer.wordpress.org/reference/functions/esc_js/
2021-11-30T01:58:55+03:00 [INFO] : Goes to the function docs: https://developer.wordpress.org/reference/functions/esc_sql/
2021-11-30T01:59:16+03:00 [INFO] : Goes to the function docs: https://developer.wordpress.org/reference/functions/esc_textarea/
2021-11-30T01:59:37+03:00 [INFO] : Goes to the function docs: https://developer.wordpress.org/reference/functions/esc_url/
2021-11-30T02:00:00+03:00 [INFO] : Goes to the function docs: https://developer.wordpress.org/reference/functions/esc_url_raw/
2021-11-30T02:00:21+03:00 [INFO] : Goes to the function docs: https://developer.wordpress.org/reference/functions/esc_xml/
2021-11-30T02:00:42+03:00 [INFO] : Goes to the function docs: https://developer.wordpress.org/reference/functions/excerpt_remove_blocks/
2021-11-30T02:01:04+03:00 [INFO] : Goes to the function docs: https://developer.wordpress.org/reference/functions/export_add_js/
2021-11-30T02:01:25+03:00 [INFO] : Goes to the function docs: https://developer.wordpress.org/reference/functions/export_date_options/
2021-11-30T02:01:46+03:00 [INFO] : Goes to the function docs: https://developer.wordpress.org/reference/functions/export_wp/
2021-11-30T02:02:07+03:00 [INFO] : Goes to the function docs: https://developer.wordpress.org/reference/functions/extract_from_markers/
2021-11-30T02:02:28+03:00 [INFO] : Goes to the function docs: https://developer.wordpress.org/reference/functions/favorite_actions/
2021-11-30T02:02:50+03:00 [INFO] : Goes to the function docs: https://developer.wordpress.org/reference/functions/feed_content_type/
2021-11-30T02:03:11+03:00 [INFO] : Goes to the function docs: https://developer.wordpress.org/reference/functions/feed_links/
2021-11-30T02:03:32+03:00 [INFO] : Goes to the function docs: https://developer.wordpress.org/reference/functions/feed_links_extra/
2021-11-30T02:03:53+03:00 [INFO] : Goes to the function docs: https://developer.wordpress.org/reference/functions/fetch_feed/
2021-11-30T02:04:15+03:00 [INFO] : Goes to the function docs: https://developer.wordpress.org/reference/functions/fetch_rss/
2021-11-30T02:04:36+03:00 [INFO] : Goes to the function docs: https://developer.wordpress.org/reference/functions/file_is_displayable_image/
2021-11-30T02:04:57+03:00 [INFO] : Goes to the function docs: https://developer.wordpress.org/reference/functions/file_is_valid_image/
2021-11-30T02:05:18+03:00 [INFO] : Goes to the function docs: https://developer.wordpress.org/reference/functions/filter_block_content/
2021-11-30T02:05:39+03:00 [INFO] : Goes to the function docs: https://developer.wordpress.org/reference/functions/filter_block_kses/
2021-11-30T02:06:01+03:00 [INFO] : Goes to the function docs: https://developer.wordpress.org/reference/functions/filter_block_kses_value/
2021-11-30T02:06:12+03:00 [INFO] : Next listing page request: https://developer.wordpress.org/reference/functions/page/13/
2021-11-30T02:06:14+03:00 [INFO] : Array
(
    [function_links] => Array
        (
            [0] => https://developer.wordpress.org/reference/functions/filter_default_metadata/
            [1] => https://developer.wordpress.org/reference/functions/filter_default_option/
            [2] => https://developer.wordpress.org/reference/functions/filter_ssl/
            [3] => https://developer.wordpress.org/reference/functions/find_core_auto_update/
            [4] => https://developer.wordpress.org/reference/functions/find_core_update/
            [5] => https://developer.wordpress.org/reference/functions/find_posts_div/
            [6] => https://developer.wordpress.org/reference/functions/fix_import_form_size/
            [7] => https://developer.wordpress.org/reference/functions/fix_phpmailer_messageid/
            [8] => https://developer.wordpress.org/reference/functions/floated_admin_avatar/
            [9] => https://developer.wordpress.org/reference/functions/flush_rewrite_rules/
            [10] => https://developer.wordpress.org/reference/functions/force_balance_tags/
            [11] => https://developer.wordpress.org/reference/functions/force_ssl_admin/
            [12] => https://developer.wordpress.org/reference/functions/force_ssl_content/
            [13] => https://developer.wordpress.org/reference/functions/force_ssl_login/
            [14] => https://developer.wordpress.org/reference/functions/format_code_lang/
            [15] => https://developer.wordpress.org/reference/functions/format_for_editor/
            [16] => https://developer.wordpress.org/reference/functions/format_to_edit/
            [17] => https://developer.wordpress.org/reference/functions/format_to_post/
            [18] => https://developer.wordpress.org/reference/functions/form_option/
            [19] => https://developer.wordpress.org/reference/functions/funky_javascript_callback/
            [20] => https://developer.wordpress.org/reference/functions/funky_javascript_fix/
            [21] => https://developer.wordpress.org/reference/functions/gallery_shortcode/
            [22] => https://developer.wordpress.org/reference/functions/gd_edit_image_support/
            [23] => https://developer.wordpress.org/reference/functions/generate_block_asset_handle/
            [24] => https://developer.wordpress.org/reference/functions/generate_postdata/
            [25] => https://developer.wordpress.org/reference/functions/generate_random_password/
            [26] => https://developer.wordpress.org/reference/functions/generic_ping/
            [27] => https://developer.wordpress.org/reference/functions/get_404_template/
            [28] => https://developer.wordpress.org/reference/functions/get_active_blog_for_user/
            [29] => https://developer.wordpress.org/reference/functions/get_adjacent_image_link/
        )

    [next_page] => Array
        (
            [0] => https://developer.wordpress.org/reference/functions/page/14/
        )

)

2021-11-30T02:06:24+03:00 [INFO] : Goes to the function docs: https://developer.wordpress.org/reference/functions/filter_default_metadata/
2021-11-30T02:06:45+03:00 [INFO] : Goes to the function docs: https://developer.wordpress.org/reference/functions/filter_default_option/
2021-11-30T02:07:06+03:00 [INFO] : Goes to the function docs: https://developer.wordpress.org/reference/functions/filter_ssl/
2021-11-30T02:07:28+03:00 [INFO] : Goes to the function docs: https://developer.wordpress.org/reference/functions/find_core_auto_update/
2021-11-30T02:07:49+03:00 [INFO] : Goes to the function docs: https://developer.wordpress.org/reference/functions/find_core_update/
2021-11-30T02:08:10+03:00 [INFO] : Goes to the function docs: https://developer.wordpress.org/reference/functions/find_posts_div/
2021-11-30T02:08:31+03:00 [INFO] : Goes to the function docs: https://developer.wordpress.org/reference/functions/fix_import_form_size/
2021-11-30T02:08:53+03:00 [INFO] : Goes to the function docs: https://developer.wordpress.org/reference/functions/fix_phpmailer_messageid/
